dd            	mist	20200518	1	PASS	2020-05-18 11:07:31
dd            	mist	20200518	1	PASS	2020-05-18 15:30:24
dd            	mist	20200518	1	PASS	2020-05-18 15:47:23
dd            	mist	20200518	1	PASS	2020-05-18 15:52:11
dd            	mist	20200518	1	PASS	2020-05-18 15:59:07
dd2           	mist	20200518	1	PASS	2020-05-18 16:00:41
dd2           	mist	20200518	1	PASS	2020-05-18 16:06:15
dd            	mist	20200518	1	PASS	2020-05-18 16:06:20
dd2           	mist	20200518	1	PASS	2020-05-18 16:12:56
dd            	mist	20200518	1	PASS	2020-05-18 16:13:03
dd            	mist	20200518	1	PASS	2020-05-18 16:22:22
dd            	mister	20200518	1	PASS	2020-05-18 16:28:20
dd2           	mist	20200518	1	PASS	2020-05-18 16:54:06
dd2           	mist	20200518	1	PASS	2020-05-18 17:00:21
dd2           	mist	20200518	1	PASS	2020-05-18 17:11:19
dd2           	mist	20200518	1	PASS	2020-05-18 17:16:40
dd2           	mist	20200518	1	FAIL	2020-05-18 17:21:00
dd2           	mist	20200518	1	PASS	2020-05-18 18:11:19
dd2           	mist	20200518	1	PASS	2020-05-18 19:19:23
dd            	mist	20200518	1	PASS	2020-05-18 19:20:05
dd2           	mist	20200518	1	PASS	2020-05-18 19:26:01
dd2           	mist	20200518	1	PASS	2020-05-18 19:31:24
dd2           	mist	20200518	1	FAIL	2020-05-18 19:33:06
dd2           	mist	20200518	1	PASS	2020-05-18 19:38:14
dd2           	mist	20200518	1	PASS	2020-05-18 19:45:15
dd2           	mist	20200518	1	PASS	2020-05-18 20:02:54
dd2           	mist	20200518	1	PASS	2020-05-18 20:12:06
dd            	mister	20200518	1	PASS	2020-05-18 20:14:28
dd2           	mist	20200518	1	PASS	2020-05-18 20:25:09
dd            	mist	20200518	1	PASS	2020-05-18 20:30:32
dd2           	mist	20200518	1	PASS	2020-05-18 20:30:40
dd2           	mist	20200518	1	PASS	2020-05-18 20:37:41
dd2           	mist	20200518	1	PASS	2020-05-18 20:48:43
dd2           	mist	20200519	1	PASS	2020-05-19 07:45:45
dd            	mist	20200519	1	PASS	2020-05-19 07:47:42
dd2           	mist	20200519	1	PASS	2020-05-19 07:50:59
dd2           	mist	20200519	1	PASS	2020-05-19 07:55:56
dd2           	mist	20200519	1	PASS	2020-05-19 08:02:18
dd2           	mist	20200519	1	PASS	2020-05-19 08:09:07
dd2           	mist	20200519	1	PASS	2020-05-19 08:13:28
dd2           	mist	20200519	1	PASS	2020-05-19 08:53:29
dd2           	mist	20200519	1	PASS	2020-05-19 09:05:13
dd            	mist	20200519	1	PASS	2020-05-19 09:10:06
dd            	mister	20200519	1	PASS	2020-05-19 09:31:18
dd2           	mister	20200519	1	PASS	2020-05-19 09:31:21
dd            	mister	20200519	1	FAIL	2020-05-19 09:38:39
dd            	mister	20200519	1	PASS	2020-05-19 10:01:16
dd            	mister	20200519	1	PASS	2020-05-19 10:18:22
dd            	mister	20200519	1	PASS	2020-05-19 10:37:22
dd            	mister	20200519	1	PASS	2020-05-19 10:54:48
dd            	mister	20200519	1	PASS	2020-05-19 11:08:01
dd2           	mister	20200519	1	PASS	2020-05-19 11:26:57
dd            	mister	20200519	1	PASS	2020-05-19 11:26:58
dd2           	mist	20200519	1	PASS	2020-05-19 12:07:41
dd2           	mist	20200602	1	PASS	2020-06-02 17:44:35
dd            	mist	20200602	1	PASS	2020-06-02 17:45:16
dd            	mist	20200602	1	PASS	2020-06-02 17:55:33
dd2           	mist	20200602	1	PASS	2020-06-02 18:00:29
dd2           	mist	20200602	1	PASS	2020-06-02 18:06:58
dd            	mist	20200602	1	PASS	2020-06-02 18:09:16
dd2           	mist	20200602	1	PASS	2020-06-02 18:28:13
dd2           	mist	20200602	1	PASS	2020-06-02 20:28:53
dd2           	mist	20200602	1	PASS	2020-06-02 20:37:46
dd2           	mister	20200602	1	PASS	2020-06-02 20:59:21
dd2           	mist	20200602	1	PASS	2020-06-02 22:25:01
dd2           	mist	20200602	1	PASS	2020-06-02 22:32:59
dd2           	mist	20200603	1	PASS	2020-06-03 06:52:18
dd            	mist	20200603	1	PASS	e0ad348	788453a
dd            	mist	20200603	1	PASS	e0ad348	788453a
dd2           	mist	20200603	1	PASS	e0ad348	788453a
dd            	mist	20200603	1	PASS	e0ad348	788453a
dd2           	mist	20200603	1	PASS	e0ad348	788453a
dd2           	mist	20200603	1	PASS	e0ad348	4d3fde9
dd            	mist	20200603	1	PASS	e0ad348	4d3fde9
dd2           	mist	20200603	1	PASS	e0ad348	2970953
dd            	mist	20200603	1	PASS	e0ad348	2970953
dd2           	mist	20200603	1	PASS	e0ad348	2970953
dd2           	mist	20200603	1	PASS	e0ad348	2970953
dd2           	mist	20200603	1	FAIL	e0ad348	2970953
dd2           	mist	20200603	1	FAIL	e0ad348	2970953
dd2           	mist	20200603	1	PASS	e0ad348	2970953
dd2           	mist	20200603	1	PASS	e0ad348	2970953
dd2           	mist	20200603	1	PASS	e0ad348	2970953
dd2           	mist	20200603	1	PASS	e0ad348	2970953
dd            	mist	20200603	1	FAIL	e0ad348	2970953
dd            	mist	20200603	1	PASS	e0ad348	2970953
dd2           	mist	20200603	1	PASS	e0ad348	9a81d60
dd            	mist	20200603	1	PASS	e0ad348	9a81d60
dd            	mister	20200603	1	PASS	e0ad348	9a81d60
dd            	sidi	20200603	1	FAIL	e0ad348	9a81d60
dd2           	mist	20200603	1	PASS	716adbf	9a81d60
dd2           	mist	20200603	1	FAIL	716adbf	9a81d60
dd2           	mist	20200603	1	PASS	716adbf	9a81d60
dd2           	mist	20200603	1	PASS	716adbf	9a81d60
dd2           	mist	20200603	1	PASS	b2d06dc	c41233a
dd2           	sidi	20200603	1	PASS	b2d06dc	c41233a
dd            	mist	20200603	1	PASS	b2d06dc	c41233a
dd            	sidi	20200603	1	PASS	b2d06dc	c41233a
dd2           	mister	20200603	1	PASS	b2d06dc	c41233a
dd            	mister	20200603	1	PASS	b2d06dc	c41233a
dd            	mist	20200604	1	PASS	b2d06dc	c41233a
dd            	mist	20200604	1	PASS	b2d06dc	c41233a
dd            	mist	20200604	1	PASS	b2d06dc	c41233a
dd            	mist	20200604	1	PASS	b2d06dc	c41233a
dd            	mist	20200604	1	PASS	b2d06dc	c41233a
dd2           	mist	20200604	1	PASS	b2d06dc	fb590f7
dd2           	sidi	20200604	1	PASS	b2d06dc	fb590f7
dd            	sidi	20200604	1	PASS	b2d06dc	fb590f7
dd            	mist	20200604	1	PASS	b2d06dc	fb590f7
dd2           	mister	20200604	1	PASS	b2d06dc	fb590f7
dd            	mister	20200604	1	PASS	b2d06dc	fb590f7
dd2           	mist	20200604	1	PASS	b2d06dc	fb590f7
dd            	mist	20200604	1	PASS	b2d06dc	fb590f7
dd2           	mist	20200604	1	FAIL	b2d06dc	fb590f7
dd            	mist	20200604	1	PASS	b2d06dc	fb590f7
dd2           	mist	20200604	1	PASS	b2d06dc	fb590f7
dd            	mist	20200604	1	PASS	b2d06dc	fb590f7
dd            	mist	20200604	1	PASS	b2d06dc	fb590f7
dd2           	mist	20200604	1	PASS	b2d06dc	fb590f7
dd2           	mist	20200604	1	PASS	b2d06dc	14a933c
dd            	mist	20200604	1	PASS	b2d06dc	14a933c
dd            	mist	20200604	1	PASS	b2d06dc	14a933c
dd2           	mist	20200604	1	PASS	b2d06dc	14a933c
dd            	mist	20200604	1	PASS	b2d06dc	14a933c
dd2           	mist	20200604	1	PASS	b2d06dc	14a933c
dd            	mist	20200604	1	PASS	b2d06dc	14a933c
dd2           	mist	20200604	1	PASS	b2d06dc	14a933c
dd            	mist	20200604	1	PASS	b2d06dc	14a933c
dd            	mist	20200604	1	PASS	ee3dc64	14a933c
dd            	sidi	20200604	1	PASS	ee3dc64	14a933c
dd2           	mist	20200604	1	PASS	ee3dc64	14a933c
dd2           	sidi	20200604	1	PASS	ee3dc64	14a933c
dd2           	mister	20200604	1	PASS	ee3dc64	14a933c
dd            	mister	20200604	1	PASS	ee3dc64	14a933c
dd            	mister	20200605	1	PASS	1456e47	14a933c
dd2           	mister	20200605	1	PASS	1456e47	14a933c
dd            	mister	20200605	1	PASS	1456e47	14a933c
dd            	mist	20200605	1	PASS	ba45273	fd80012
dd2           	mist	20200605	1	PASS	ba45273	fd80012
dd            	mist	20200605	1	PASS	16a7158	c41ecd2
dd2           	mist	20200605	1	PASS	16a7158	c41ecd2
dd            	mister	20200730	1	FAIL	1288335	4b110e8
dd2           	mister	20200730	1	FAIL	1288335	4b110e8
dd2           	mister	20200730	1	PASS	1288335	4b110e8
dd            	mister	20200730	1	PASS	1288335	4b110e8
dd2           	mister	20200730	1	PASS	1288335	4b110e8
dd            	mister	20200730	1	PASS	1288335	4b110e8
dd2           	mister	20200730	1	PASS	1288335	4b110e8
dd2           	mister	20200730	1	PASS	1288335	4b110e8
dd2           	mister	20200730	1	PASS	1288335	4b110e8
dd2           	mister	20200731	1	PASS	bdc6ca3	c7e0939
dd            	mister	20200731	1	PASS	bdc6ca3	c7e0939
dd2           	mister	20200815	1	PASS	bdc6ca3	c7e0939
dd            	mister	20200815	1	PASS	bdc6ca3	c7e0939
dd2           	mist	20200829	1	FAIL	a9d6298	77fb4ce
dd2           	mist	20200829	1	FAIL	bdc6ca3	77fb4ce
dd2           	mist	20200829	1	PASS	bdc6ca3	77fb4ce
dd            	mist	20200830	1	FAIL	bdc6ca3	77fb4ce
dd            	mist	20200830	1	PASS	897f8b7	77fb4ce
dd            	mist	20200830	1	PASS	aa380e2	77fb4ce
dd            	mist	20200830	1	PASS	aa380e2	77fb4ce
dd            	mist	20200830	1	PASS	aa380e2	77fb4ce
dd2           	sidi	20200830	1	PASS	178a766	87e8593
dd            	sidi	20200830	1	PASS	178a766	87e8593
dd2           	mist	20200830	1	PASS	178a766	87e8593
dd            	mist	20200830	1	PASS	178a766	87e8593
dd2           	mister	20200830	1	PASS	178a766	87e8593
dd            	mister	20200830	1	PASS	178a766	87e8593
dd            	mist	20201127	1	PASS	178a766	87e8593
dd            	mist	20201127	1	PASS	178a766	87e8593
dd            	mist	20201127	1	PASS	178a766	87e8593
dd            	mist	20201128	1	FAIL	178a766	452bece
dd            	sidi	20201128	1	FAIL	178a766	452bece
dd2           	mist	20201128	1	PASS	178a766	452bece
dd2           	sidi	20201128	1	PASS	178a766	452bece
dd2           	mist	20201128	1	PASS	178a766	452bece
dd            	mist	20201128	1	PASS	178a766	452bece
dd            	mist	20201128	1	FAIL	178a766	452bece
dd            	mist	20201128	1	PASS	178a766	452bece
dd            	mist	20201128	1	PASS	178a766	452bece
dd            	mist	20201128	1	PASS	178a766	452bece
dd            	mist	20201128	1	PASS	178a766	452bece
dd            	mister	20201128	1	PASS	178a766	452bece
dd2           	mist	20201217	1	PASS	178a766	1e2f6e8
dd2           	mist	20201217	1	PASS	9e4b8ed	8732a53
dd2           	mist	20201217	1	PASS	9e4b8ed	8732a53
dd2           	sidi	20201217	1	PASS	9e4b8ed	8732a53
dd2           	mister	20201217	1	PASS	9e4b8ed	8732a53
dd2           	mist	20201226	1	FAIL	f016af9	b355a37
dd            	mist	20201226	1	PASS	f016af9	b355a37
dd2           	mist	20201226	1	PASS	f016af9	b355a37
